<?xml version="1.0" encoding="UTF-8"?>
<testsuite xmlns:xsi="http://www.w3.org/2001/XMLSchema-instance" xsi:noNamespaceSchemaLocation="https://maven.apache.org/surefire/maven-surefire-plugin/xsd/surefire-test-report.xsd" name="com.javawhizz.App.AppApplicationTests" time="3.05" tests="1" errors="0" skipped="0" failures="0">
  <properties>
    <property name="java.specification.version" value="17"/>
    <property name="sun.jnu.encoding" value="UTF-8"/>
    <property name="java.class.path" value="/Users/Shared/Projects/app-main/target/test-classes:/Users/Shared/Projects/app-main/target/classes:/Users/chaitu/.m2/repository/org/springframework/boot/spring-boot-starter-web/3.0.4/spring-boot-starter-web-3.0.4.jar:/Users/chaitu/.m2/repository/org/springframework/boot/spring-boot-starter/3.0.4/spring-boot-starter-3.0.4.jar:/Users/chaitu/.m2/repository/org/springframework/boot/spring-boot/3.0.4/spring-boot-3.0.4.jar:/Users/chaitu/.m2/repository/org/springframework/boot/spring-boot-autoconfigure/3.0.4/spring-boot-autoconfigure-3.0.4.jar:/Users/chaitu/.m2/repository/org/springframework/boot/spring-boot-starter-logging/3.0.4/spring-boot-starter-logging-3.0.4.jar:/Users/chaitu/.m2/repository/ch/qos/logback/logback-classic/1.4.5/logback-classic-1.4.5.jar:/Users/chaitu/.m2/repository/ch/qos/logback/logback-core/1.4.5/logback-core-1.4.5.jar:/Users/chaitu/.m2/repository/org/apache/logging/log4j/log4j-to-slf4j/2.19.0/log4j-to-slf4j-2.19.0.jar:/Users/chaitu/.m2/repository/org/apache/logging/log4j/log4j-api/2.19.0/log4j-api-2.19.0.jar:/Users/chaitu/.m2/repository/org/slf4j/jul-to-slf4j/2.0.6/jul-to-slf4j-2.0.6.jar:/Users/chaitu/.m2/repository/jakarta/annotation/jakarta.annotation-api/2.1.1/jakarta.annotation-api-2.1.1.jar:/Users/chaitu/.m2/repository/org/yaml/snakeyaml/1.33/snakeyaml-1.33.jar:/Users/chaitu/.m2/repository/org/springframework/boot/spring-boot-starter-json/3.0.4/spring-boot-starter-json-3.0.4.jar:/Users/chaitu/.m2/repository/com/fasterxml/jackson/core/jackson-databind/2.14.2/jackson-databind-2.14.2.jar:/Users/chaitu/.m2/repository/com/fasterxml/jackson/core/jackson-annotations/2.14.2/jackson-annotations-2.14.2.jar:/Users/chaitu/.m2/repository/com/fasterxml/jackson/datatype/jackson-datatype-jdk8/2.14.2/jackson-datatype-jdk8-2.14.2.jar:/Users/chaitu/.m2/repository/com/fasterxml/jackson/datatype/jackson-datatype-jsr310/2.14.2/jackson-datatype-jsr310-2.14.2.jar:/Users/chaitu/.m2/repository/com/fasterxml/jackson/module/jackson-module-parameter-names/2.14.2/jackson-module-parameter-names-2.14.2.jar:/Users/chaitu/.m2/repository/org/springframework/boot/spring-boot-starter-tomcat/3.0.4/spring-boot-starter-tomcat-3.0.4.jar:/Users/chaitu/.m2/repository/org/apache/tomcat/embed/tomcat-embed-core/10.1.5/tomcat-embed-core-10.1.5.jar:/Users/chaitu/.m2/repository/org/apache/tomcat/embed/tomcat-embed-el/10.1.5/tomcat-embed-el-10.1.5.jar:/Users/chaitu/.m2/repository/org/apache/tomcat/embed/tomcat-embed-websocket/10.1.5/tomcat-embed-websocket-10.1.5.jar:/Users/chaitu/.m2/repository/org/springframework/spring-web/6.0.6/spring-web-6.0.6.jar:/Users/chaitu/.m2/repository/org/springframework/spring-beans/6.0.6/spring-beans-6.0.6.jar:/Users/chaitu/.m2/repository/io/micrometer/micrometer-observation/1.10.4/micrometer-observation-1.10.4.jar:/Users/chaitu/.m2/repository/io/micrometer/micrometer-commons/1.10.4/micrometer-commons-1.10.4.jar:/Users/chaitu/.m2/repository/org/springframework/spring-webmvc/6.0.6/spring-webmvc-6.0.6.jar:/Users/chaitu/.m2/repository/org/springframework/spring-aop/6.0.6/spring-aop-6.0.6.jar:/Users/chaitu/.m2/repository/org/springframework/spring-context/6.0.6/spring-context-6.0.6.jar:/Users/chaitu/.m2/repository/org/springframework/spring-expression/6.0.6/spring-expression-6.0.6.jar:/Users/chaitu/.m2/repository/org/projectlombok/lombok/1.18.26/lombok-1.18.26.jar:/Users/chaitu/.m2/repository/org/springframework/boot/spring-boot-starter-test/3.0.4/spring-boot-starter-test-3.0.4.jar:/Users/chaitu/.m2/repository/org/springframework/boot/spring-boot-test/3.0.4/spring-boot-test-3.0.4.jar:/Users/chaitu/.m2/repository/org/springframework/boot/spring-boot-test-autoconfigure/3.0.4/spring-boot-test-autoconfigure-3.0.4.jar:/Users/chaitu/.m2/repository/com/jayway/jsonpath/json-path/2.7.0/json-path-2.7.0.jar:/Users/chaitu/.m2/repository/net/minidev/json-smart/2.4.8/json-smart-2.4.8.jar:/Users/chaitu/.m2/repository/net/minidev/accessors-smart/2.4.8/accessors-smart-2.4.8.jar:/Users/chaitu/.m2/repository/org/ow2/asm/asm/9.1/asm-9.1.jar:/Users/chaitu/.m2/repository/jakarta/xml/bind/jakarta.xml.bind-api/4.0.0/jakarta.xml.bind-api-4.0.0.jar:/Users/chaitu/.m2/repository/jakarta/activation/jakarta.activation-api/2.1.1/jakarta.activation-api-2.1.1.jar:/Users/chaitu/.m2/repository/org/assertj/assertj-core/3.23.1/assertj-core-3.23.1.jar:/Users/chaitu/.m2/repository/net/bytebuddy/byte-buddy/1.12.23/byte-buddy-1.12.23.jar:/Users/chaitu/.m2/repository/org/hamcrest/hamcrest/2.2/hamcrest-2.2.jar:/Users/chaitu/.m2/repository/org/junit/jupiter/junit-jupiter/5.9.2/junit-jupiter-5.9.2.jar:/Users/chaitu/.m2/repository/org/junit/jupiter/junit-jupiter-api/5.9.2/junit-jupiter-api-5.9.2.jar:/Users/chaitu/.m2/repository/org/opentest4j/opentest4j/1.2.0/opentest4j-1.2.0.jar:/Users/chaitu/.m2/repository/org/junit/platform/junit-platform-commons/1.9.2/junit-platform-commons-1.9.2.jar:/Users/chaitu/.m2/repository/org/apiguardian/apiguardian-api/1.1.2/apiguardian-api-1.1.2.jar:/Users/chaitu/.m2/repository/org/junit/jupiter/junit-jupiter-params/5.9.2/junit-jupiter-params-5.9.2.jar:/Users/chaitu/.m2/repository/org/junit/jupiter/junit-jupiter-engine/5.9.2/junit-jupiter-engine-5.9.2.jar:/Users/chaitu/.m2/repository/org/junit/platform/junit-platform-engine/1.9.2/junit-platform-engine-1.9.2.jar:/Users/chaitu/.m2/repository/org/mockito/mockito-core/4.8.1/mockito-core-4.8.1.jar:/Users/chaitu/.m2/repository/net/bytebuddy/byte-buddy-agent/1.12.23/byte-buddy-agent-1.12.23.jar:/Users/chaitu/.m2/repository/org/objenesis/objenesis/3.2/objenesis-3.2.jar:/Users/chaitu/.m2/repository/org/mockito/mockito-junit-jupiter/4.8.1/mockito-junit-jupiter-4.8.1.jar:/Users/chaitu/.m2/repository/org/skyscreamer/jsonassert/1.5.1/jsonassert-1.5.1.jar:/Users/chaitu/.m2/repository/com/vaadin/external/google/android-json/0.0.20131108.vaadin1/android-json-0.0.20131108.vaadin1.jar:/Users/chaitu/.m2/repository/org/springframework/spring-core/6.0.6/spring-core-6.0.6.jar:/Users/chaitu/.m2/repository/org/springframework/spring-jcl/6.0.6/spring-jcl-6.0.6.jar:/Users/chaitu/.m2/repository/org/springframework/spring-test/6.0.6/spring-test-6.0.6.jar:/Users/chaitu/.m2/repository/org/xmlunit/xmlunit-core/2.9.1/xmlunit-core-2.9.1.jar:/Users/chaitu/.m2/repository/com/google/firebase/firebase-admin/9.1.0/firebase-admin-9.1.0.jar:/Users/chaitu/.m2/repository/com/google/api-client/google-api-client/2.0.0/google-api-client-2.0.0.jar:/Users/chaitu/.m2/repository/com/google/oauth-client/google-oauth-client/1.34.1/google-oauth-client-1.34.1.jar:/Users/chaitu/.m2/repository/com/google/http-client/google-http-client-gson/1.42.1/google-http-client-gson-1.42.1.jar:/Users/chaitu/.m2/repository/com/google/http-client/google-http-client-apache-v2/1.42.1/google-http-client-apache-v2-1.42.1.jar:/Users/chaitu/.m2/repository/org/apache/httpcomponents/httpcore/4.4.16/httpcore-4.4.16.jar:/Users/chaitu/.m2/repository/org/apache/httpcomponents/httpclient/4.5.14/httpclient-4.5.14.jar:/Users/chaitu/.m2/repository/com/google/api-client/google-api-client-gson/2.0.0/google-api-client-gson-2.0.0.jar:/Users/chaitu/.m2/repository/com/google/http-client/google-http-client/1.42.2/google-http-client-1.42.2.jar:/Users/chaitu/.m2/repository/com/google/code/findbugs/jsr305/3.0.2/jsr305-3.0.2.jar:/Users/chaitu/.m2/repository/com/google/j2objc/j2objc-annotations/1.3/j2objc-annotations-1.3.jar:/Users/chaitu/.m2/repository/io/opencensus/opencensus-api/0.31.1/opencensus-api-0.31.1.jar:/Users/chaitu/.m2/repository/io/opencensus/opencensus-contrib-http-util/0.31.1/opencensus-contrib-http-util-0.31.1.jar:/Users/chaitu/.m2/repository/com/google/api/api-common/2.2.1/api-common-2.2.1.jar:/Users/chaitu/.m2/repository/javax/annotation/javax.annotation-api/1.3.2/javax.annotation-api-1.3.2.jar:/Users/chaitu/.m2/repository/com/google/auto/value/auto-value-annotations/1.9/auto-value-annotations-1.9.jar:/Users/chaitu/.m2/repository/com/google/auth/google-auth-library-oauth2-http/1.11.0/google-auth-library-oauth2-http-1.11.0.jar:/Users/chaitu/.m2/repository/com/google/auth/google-auth-library-credentials/1.11.0/google-auth-library-credentials-1.11.0.jar:/Users/chaitu/.m2/repository/com/google/cloud/google-cloud-storage/2.13.0/google-cloud-storage-2.13.0.jar:/Users/chaitu/.m2/repository/com/google/guava/failureaccess/1.0.1/failureaccess-1.0.1.jar:/Users/chaitu/.m2/repository/com/google/guava/listenablefuture/9999.0-empty-to-avoid-conflict-with-guava/listenablefuture-9999.0-empty-to-avoid-conflict-with-guava.jar:/Users/chaitu/.m2/repository/org/checkerframework/checker-qual/3.25.0/checker-qual-3.25.0.jar:/Users/chaitu/.m2/repository/com/google/http-client/google-http-client-jackson2/1.42.2/google-http-client-jackson2-1.42.2.jar:/Users/chaitu/.m2/repository/com/google/apis/google-api-services-storage/v1-rev20220705-2.0.0/google-api-services-storage-v1-rev20220705-2.0.0.jar:/Users/chaitu/.m2/repository/com/google/code/gson/gson/2.9.1/gson-2.9.1.jar:/Users/chaitu/.m2/repository/com/google/cloud/google-cloud-core/2.8.20/google-cloud-core-2.8.20.jar:/Users/chaitu/.m2/repository/com/google/api/grpc/proto-google-common-protos/2.9.6/proto-google-common-protos-2.9.6.jar:/Users/chaitu/.m2/repository/com/google/cloud/google-cloud-core-http/2.8.20/google-cloud-core-http-2.8.20.jar:/Users/chaitu/.m2/repository/com/google/http-client/google-http-client-appengine/1.42.2/google-http-client-appengine-1.42.2.jar:/Users/chaitu/.m2/repository/com/google/api/gax-httpjson/0.104.2/gax-httpjson-0.104.2.jar:/Users/chaitu/.m2/repository/com/google/api/gax/2.19.2/gax-2.19.2.jar:/Users/chaitu/.m2/repository/io/grpc/grpc-context/1.49.2/grpc-context-1.49.2.jar:/Users/chaitu/.m2/repository/com/google/api/grpc/proto-google-iam-v1/1.6.2/proto-google-iam-v1-1.6.2.jar:/Users/chaitu/.m2/repository/com/google/protobuf/protobuf-java/3.21.7/protobuf-java-3.21.7.jar:/Users/chaitu/.m2/repository/com/google/protobuf/protobuf-java-util/3.21.7/protobuf-java-util-3.21.7.jar:/Users/chaitu/.m2/repository/org/threeten/threetenbp/1.6.2/threetenbp-1.6.2.jar:/Users/chaitu/.m2/repository/com/fasterxml/jackson/core/jackson-core/2.14.2/jackson-core-2.14.2.jar:/Users/chaitu/.m2/repository/com/google/cloud/google-cloud-firestore/3.6.0/google-cloud-firestore-3.6.0.jar:/Users/chaitu/.m2/repository/com/google/cloud/google-cloud-core-grpc/2.8.20/google-cloud-core-grpc-2.8.20.jar:/Users/chaitu/.m2/repository/io/grpc/grpc-core/1.49.2/grpc-core-1.49.2.jar:/Users/chaitu/.m2/repository/com/google/android/annotations/4.1.1.4/annotations-4.1.1.4.jar:/Users/chaitu/.m2/repository/org/codehaus/mojo/animal-sniffer-annotations/1.22/animal-sniffer-annotations-1.22.jar:/Users/chaitu/.m2/repository/io/perfmark/perfmark-api/0.25.0/perfmark-api-0.25.0.jar:/Users/chaitu/.m2/repository/commons-logging/commons-logging/1.2/commons-logging-1.2.jar:/Users/chaitu/.m2/repository/commons-codec/commons-codec/1.15/commons-codec-1.15.jar:/Users/chaitu/.m2/repository/com/google/api/grpc/proto-google-cloud-firestore-v1/3.6.0/proto-google-cloud-firestore-v1-3.6.0.jar:/Users/chaitu/.m2/repository/com/google/cloud/proto-google-cloud-firestore-bundle-v1/3.6.0/proto-google-cloud-firestore-bundle-v1-3.6.0.jar:/Users/chaitu/.m2/repository/io/opencensus/opencensus-contrib-grpc-util/0.31.1/opencensus-contrib-grpc-util-0.31.1.jar:/Users/chaitu/.m2/repository/io/grpc/grpc-protobuf/1.49.2/grpc-protobuf-1.49.2.jar:/Users/chaitu/.m2/repository/io/grpc/grpc-protobuf-lite/1.49.2/grpc-protobuf-lite-1.49.2.jar:/Users/chaitu/.m2/repository/io/grpc/grpc-api/1.49.2/grpc-api-1.49.2.jar:/Users/chaitu/.m2/repository/com/google/errorprone/error_prone_annotations/2.15.0/error_prone_annotations-2.15.0.jar:/Users/chaitu/.m2/repository/com/google/api/gax-grpc/2.19.2/gax-grpc-2.19.2.jar:/Users/chaitu/.m2/repository/io/grpc/grpc-alts/1.49.2/grpc-alts-1.49.2.jar:/Users/chaitu/.m2/repository/io/grpc/grpc-grpclb/1.49.2/grpc-grpclb-1.49.2.jar:/Users/chaitu/.m2/repository/org/conscrypt/conscrypt-openjdk-uber/2.5.2/conscrypt-openjdk-uber-2.5.2.jar:/Users/chaitu/.m2/repository/io/grpc/grpc-auth/1.49.2/grpc-auth-1.49.2.jar:/Users/chaitu/.m2/repository/io/grpc/grpc-netty-shaded/1.49.2/grpc-netty-shaded-1.49.2.jar:/Users/chaitu/.m2/repository/io/grpc/grpc-googleapis/1.49.2/grpc-googleapis-1.49.2.jar:/Users/chaitu/.m2/repository/io/grpc/grpc-xds/1.49.2/grpc-xds-1.49.2.jar:/Users/chaitu/.m2/repository/io/opencensus/opencensus-proto/0.2.0/opencensus-proto-0.2.0.jar:/Users/chaitu/.m2/repository/io/grpc/grpc-services/1.49.2/grpc-services-1.49.2.jar:/Users/chaitu/.m2/repository/com/google/re2j/re2j/1.6/re2j-1.6.jar:/Users/chaitu/.m2/repository/io/grpc/grpc-stub/1.49.2/grpc-stub-1.49.2.jar:/Users/chaitu/.m2/repository/com/google/guava/guava/31.1-jre/guava-31.1-jre.jar:/Users/chaitu/.m2/repository/org/slf4j/slf4j-api/2.0.6/slf4j-api-2.0.6.jar:/Users/chaitu/.m2/repository/io/netty/netty-codec-http/4.1.89.Final/netty-codec-http-4.1.89.Final.jar:/Users/chaitu/.m2/repository/io/netty/netty-common/4.1.89.Final/netty-common-4.1.89.Final.jar:/Users/chaitu/.m2/repository/io/netty/netty-buffer/4.1.89.Final/netty-buffer-4.1.89.Final.jar:/Users/chaitu/.m2/repository/io/netty/netty-codec/4.1.89.Final/netty-codec-4.1.89.Final.jar:/Users/chaitu/.m2/repository/io/netty/netty-handler/4.1.89.Final/netty-handler-4.1.89.Final.jar:/Users/chaitu/.m2/repository/io/netty/netty-resolver/4.1.89.Final/netty-resolver-4.1.89.Final.jar:/Users/chaitu/.m2/repository/io/netty/netty-transport-native-unix-common/4.1.89.Final/netty-transport-native-unix-common-4.1.89.Final.jar:/Users/chaitu/.m2/repository/io/netty/netty-transport/4.1.89.Final/netty-transport-4.1.89.Final.jar:"/>
    <property name="java.vm.vendor" value="Oracle Corporation"/>
    <property name="sun.arch.data.model" value="64"/>
    <property name="java.vendor.url" value="https://java.oracle.com/"/>
    <property name="os.name" value="Mac OS X"/>
    <property name="java.vm.specification.version" value="17"/>
    <property name="sun.java.launcher" value="SUN_STANDARD"/>
    <property name="user.country" value="GB"/>
    <property name="sun.boot.library.path" value="/Library/Java/JavaVirtualMachines/jdk-17.jdk/Contents/Home/lib"/>
    <property name="sun.java.command" value="/Users/Shared/Projects/app-main/target/surefire/surefirebooter4163153158538951444.jar /Users/Shared/Projects/app-main/target/surefire 2023-03-25T01-55-12_062-jvmRun1 surefire587389167988131795tmp surefire_07992901280903419598tmp"/>
    <property name="http.nonProxyHosts" value="local|*.local|169.254/16|*.169.254/16"/>
    <property name="jdk.debug" value="release"/>
    <property name="surefire.test.class.path" value="/Users/Shared/Projects/app-main/target/test-classes:/Users/Shared/Projects/app-main/target/classes:/Users/chaitu/.m2/repository/org/springframework/boot/spring-boot-starter-web/3.0.4/spring-boot-starter-web-3.0.4.jar:/Users/chaitu/.m2/repository/org/springframework/boot/spring-boot-starter/3.0.4/spring-boot-starter-3.0.4.jar:/Users/chaitu/.m2/repository/org/springframework/boot/spring-boot/3.0.4/spring-boot-3.0.4.jar:/Users/chaitu/.m2/repository/org/springframework/boot/spring-boot-autoconfigure/3.0.4/spring-boot-autoconfigure-3.0.4.jar:/Users/chaitu/.m2/repository/org/springframework/boot/spring-boot-starter-logging/3.0.4/spring-boot-starter-logging-3.0.4.jar:/Users/chaitu/.m2/repository/ch/qos/logback/logback-classic/1.4.5/logback-classic-1.4.5.jar:/Users/chaitu/.m2/repository/ch/qos/logback/logback-core/1.4.5/logback-core-1.4.5.jar:/Users/chaitu/.m2/repository/org/apache/logging/log4j/log4j-to-slf4j/2.19.0/log4j-to-slf4j-2.19.0.jar:/Users/chaitu/.m2/repository/org/apache/logging/log4j/log4j-api/2.19.0/log4j-api-2.19.0.jar:/Users/chaitu/.m2/repository/org/slf4j/jul-to-slf4j/2.0.6/jul-to-slf4j-2.0.6.jar:/Users/chaitu/.m2/repository/jakarta/annotation/jakarta.annotation-api/2.1.1/jakarta.annotation-api-2.1.1.jar:/Users/chaitu/.m2/repository/org/yaml/snakeyaml/1.33/snakeyaml-1.33.jar:/Users/chaitu/.m2/repository/org/springframework/boot/spring-boot-starter-json/3.0.4/spring-boot-starter-json-3.0.4.jar:/Users/chaitu/.m2/repository/com/fasterxml/jackson/core/jackson-databind/2.14.2/jackson-databind-2.14.2.jar:/Users/chaitu/.m2/repository/com/fasterxml/jackson/core/jackson-annotations/2.14.2/jackson-annotations-2.14.2.jar:/Users/chaitu/.m2/repository/com/fasterxml/jackson/datatype/jackson-datatype-jdk8/2.14.2/jackson-datatype-jdk8-2.14.2.jar:/Users/chaitu/.m2/repository/com/fasterxml/jackson/datatype/jackson-datatype-jsr310/2.14.2/jackson-datatype-jsr310-2.14.2.jar:/Users/chaitu/.m2/repository/com/fasterxml/jackson/module/jackson-module-parameter-names/2.14.2/jackson-module-parameter-names-2.14.2.jar:/Users/chaitu/.m2/repository/org/springframework/boot/spring-boot-starter-tomcat/3.0.4/spring-boot-starter-tomcat-3.0.4.jar:/Users/chaitu/.m2/repository/org/apache/tomcat/embed/tomcat-embed-core/10.1.5/tomcat-embed-core-10.1.5.jar:/Users/chaitu/.m2/repository/org/apache/tomcat/embed/tomcat-embed-el/10.1.5/tomcat-embed-el-10.1.5.jar:/Users/chaitu/.m2/repository/org/apache/tomcat/embed/tomcat-embed-websocket/10.1.5/tomcat-embed-websocket-10.1.5.jar:/Users/chaitu/.m2/repository/org/springframework/spring-web/6.0.6/spring-web-6.0.6.jar:/Users/chaitu/.m2/repository/org/springframework/spring-beans/6.0.6/spring-beans-6.0.6.jar:/Users/chaitu/.m2/repository/io/micrometer/micrometer-observation/1.10.4/micrometer-observation-1.10.4.jar:/Users/chaitu/.m2/repository/io/micrometer/micrometer-commons/1.10.4/micrometer-commons-1.10.4.jar:/Users/chaitu/.m2/repository/org/springframework/spring-webmvc/6.0.6/spring-webmvc-6.0.6.jar:/Users/chaitu/.m2/repository/org/springframework/spring-aop/6.0.6/spring-aop-6.0.6.jar:/Users/chaitu/.m2/repository/org/springframework/spring-context/6.0.6/spring-context-6.0.6.jar:/Users/chaitu/.m2/repository/org/springframework/spring-expression/6.0.6/spring-expression-6.0.6.jar:/Users/chaitu/.m2/repository/org/projectlombok/lombok/1.18.26/lombok-1.18.26.jar:/Users/chaitu/.m2/repository/org/springframework/boot/spring-boot-starter-test/3.0.4/spring-boot-starter-test-3.0.4.jar:/Users/chaitu/.m2/repository/org/springframework/boot/spring-boot-test/3.0.4/spring-boot-test-3.0.4.jar:/Users/chaitu/.m2/repository/org/springframework/boot/spring-boot-test-autoconfigure/3.0.4/spring-boot-test-autoconfigure-3.0.4.jar:/Users/chaitu/.m2/repository/com/jayway/jsonpath/json-path/2.7.0/json-path-2.7.0.jar:/Users/chaitu/.m2/repository/net/minidev/json-smart/2.4.8/json-smart-2.4.8.jar:/Users/chaitu/.m2/repository/net/minidev/accessors-smart/2.4.8/accessors-smart-2.4.8.jar:/Users/chaitu/.m2/repository/org/ow2/asm/asm/9.1/asm-9.1.jar:/Users/chaitu/.m2/repository/jakarta/xml/bind/jakarta.xml.bind-api/4.0.0/jakarta.xml.bind-api-4.0.0.jar:/Users/chaitu/.m2/repository/jakarta/activation/jakarta.activation-api/2.1.1/jakarta.activation-api-2.1.1.jar:/Users/chaitu/.m2/repository/org/assertj/assertj-core/3.23.1/assertj-core-3.23.1.jar:/Users/chaitu/.m2/repository/net/bytebuddy/byte-buddy/1.12.23/byte-buddy-1.12.23.jar:/Users/chaitu/.m2/repository/org/hamcrest/hamcrest/2.2/hamcrest-2.2.jar:/Users/chaitu/.m2/repository/org/junit/jupiter/junit-jupiter/5.9.2/junit-jupiter-5.9.2.jar:/Users/chaitu/.m2/repository/org/junit/jupiter/junit-jupiter-api/5.9.2/junit-jupiter-api-5.9.2.jar:/Users/chaitu/.m2/repository/org/opentest4j/opentest4j/1.2.0/opentest4j-1.2.0.jar:/Users/chaitu/.m2/repository/org/junit/platform/junit-platform-commons/1.9.2/junit-platform-commons-1.9.2.jar:/Users/chaitu/.m2/repository/org/apiguardian/apiguardian-api/1.1.2/apiguardian-api-1.1.2.jar:/Users/chaitu/.m2/repository/org/junit/jupiter/junit-jupiter-params/5.9.2/junit-jupiter-params-5.9.2.jar:/Users/chaitu/.m2/repository/org/junit/jupiter/junit-jupiter-engine/5.9.2/junit-jupiter-engine-5.9.2.jar:/Users/chaitu/.m2/repository/org/junit/platform/junit-platform-engine/1.9.2/junit-platform-engine-1.9.2.jar:/Users/chaitu/.m2/repository/org/mockito/mockito-core/4.8.1/mockito-core-4.8.1.jar:/Users/chaitu/.m2/repository/net/bytebuddy/byte-buddy-agent/1.12.23/byte-buddy-agent-1.12.23.jar:/Users/chaitu/.m2/repository/org/objenesis/objenesis/3.2/objenesis-3.2.jar:/Users/chaitu/.m2/repository/org/mockito/mockito-junit-jupiter/4.8.1/mockito-junit-jupiter-4.8.1.jar:/Users/chaitu/.m2/repository/org/skyscreamer/jsonassert/1.5.1/jsonassert-1.5.1.jar:/Users/chaitu/.m2/repository/com/vaadin/external/google/android-json/0.0.20131108.vaadin1/android-json-0.0.20131108.vaadin1.jar:/Users/chaitu/.m2/repository/org/springframework/spring-core/6.0.6/spring-core-6.0.6.jar:/Users/chaitu/.m2/repository/org/springframework/spring-jcl/6.0.6/spring-jcl-6.0.6.jar:/Users/chaitu/.m2/repository/org/springframework/spring-test/6.0.6/spring-test-6.0.6.jar:/Users/chaitu/.m2/repository/org/xmlunit/xmlunit-core/2.9.1/xmlunit-core-2.9.1.jar:/Users/chaitu/.m2/repository/com/google/firebase/firebase-admin/9.1.0/firebase-admin-9.1.0.jar:/Users/chaitu/.m2/repository/com/google/api-client/google-api-client/2.0.0/google-api-client-2.0.0.jar:/Users/chaitu/.m2/repository/com/google/oauth-client/google-oauth-client/1.34.1/google-oauth-client-1.34.1.jar:/Users/chaitu/.m2/repository/com/google/http-client/google-http-client-gson/1.42.1/google-http-client-gson-1.42.1.jar:/Users/chaitu/.m2/repository/com/google/http-client/google-http-client-apache-v2/1.42.1/google-http-client-apache-v2-1.42.1.jar:/Users/chaitu/.m2/repository/org/apache/httpcomponents/httpcore/4.4.16/httpcore-4.4.16.jar:/Users/chaitu/.m2/repository/org/apache/httpcomponents/httpclient/4.5.14/httpclient-4.5.14.jar:/Users/chaitu/.m2/repository/com/google/api-client/google-api-client-gson/2.0.0/google-api-client-gson-2.0.0.jar:/Users/chaitu/.m2/repository/com/google/http-client/google-http-client/1.42.2/google-http-client-1.42.2.jar:/Users/chaitu/.m2/repository/com/google/code/findbugs/jsr305/3.0.2/jsr305-3.0.2.jar:/Users/chaitu/.m2/repository/com/google/j2objc/j2objc-annotations/1.3/j2objc-annotations-1.3.jar:/Users/chaitu/.m2/repository/io/opencensus/opencensus-api/0.31.1/opencensus-api-0.31.1.jar:/Users/chaitu/.m2/repository/io/opencensus/opencensus-contrib-http-util/0.31.1/opencensus-contrib-http-util-0.31.1.jar:/Users/chaitu/.m2/repository/com/google/api/api-common/2.2.1/api-common-2.2.1.jar:/Users/chaitu/.m2/repository/javax/annotation/javax.annotation-api/1.3.2/javax.annotation-api-1.3.2.jar:/Users/chaitu/.m2/repository/com/google/auto/value/auto-value-annotations/1.9/auto-value-annotations-1.9.jar:/Users/chaitu/.m2/repository/com/google/auth/google-auth-library-oauth2-http/1.11.0/google-auth-library-oauth2-http-1.11.0.jar:/Users/chaitu/.m2/repository/com/google/auth/google-auth-library-credentials/1.11.0/google-auth-library-credentials-1.11.0.jar:/Users/chaitu/.m2/repository/com/google/cloud/google-cloud-storage/2.13.0/google-cloud-storage-2.13.0.jar:/Users/chaitu/.m2/repository/com/google/guava/failureaccess/1.0.1/failureaccess-1.0.1.jar:/Users/chaitu/.m2/repository/com/google/guava/listenablefuture/9999.0-empty-to-avoid-conflict-with-guava/listenablefuture-9999.0-empty-to-avoid-conflict-with-guava.jar:/Users/chaitu/.m2/repository/org/checkerframework/checker-qual/3.25.0/checker-qual-3.25.0.jar:/Users/chaitu/.m2/repository/com/google/http-client/google-http-client-jackson2/1.42.2/google-http-client-jackson2-1.42.2.jar:/Users/chaitu/.m2/repository/com/google/apis/google-api-services-storage/v1-rev20220705-2.0.0/google-api-services-storage-v1-rev20220705-2.0.0.jar:/Users/chaitu/.m2/repository/com/google/code/gson/gson/2.9.1/gson-2.9.1.jar:/Users/chaitu/.m2/repository/com/google/cloud/google-cloud-core/2.8.20/google-cloud-core-2.8.20.jar:/Users/chaitu/.m2/repository/com/google/api/grpc/proto-google-common-protos/2.9.6/proto-google-common-protos-2.9.6.jar:/Users/chaitu/.m2/repository/com/google/cloud/google-cloud-core-http/2.8.20/google-cloud-core-http-2.8.20.jar:/Users/chaitu/.m2/repository/com/google/http-client/google-http-client-appengine/1.42.2/google-http-client-appengine-1.42.2.jar:/Users/chaitu/.m2/repository/com/google/api/gax-httpjson/0.104.2/gax-httpjson-0.104.2.jar:/Users/chaitu/.m2/repository/com/google/api/gax/2.19.2/gax-2.19.2.jar:/Users/chaitu/.m2/repository/io/grpc/grpc-context/1.49.2/grpc-context-1.49.2.jar:/Users/chaitu/.m2/repository/com/google/api/grpc/proto-google-iam-v1/1.6.2/proto-google-iam-v1-1.6.2.jar:/Users/chaitu/.m2/repository/com/google/protobuf/protobuf-java/3.21.7/protobuf-java-3.21.7.jar:/Users/chaitu/.m2/repository/com/google/protobuf/protobuf-java-util/3.21.7/protobuf-java-util-3.21.7.jar:/Users/chaitu/.m2/repository/org/threeten/threetenbp/1.6.2/threetenbp-1.6.2.jar:/Users/chaitu/.m2/repository/com/fasterxml/jackson/core/jackson-core/2.14.2/jackson-core-2.14.2.jar:/Users/chaitu/.m2/repository/com/google/cloud/google-cloud-firestore/3.6.0/google-cloud-firestore-3.6.0.jar:/Users/chaitu/.m2/repository/com/google/cloud/google-cloud-core-grpc/2.8.20/google-cloud-core-grpc-2.8.20.jar:/Users/chaitu/.m2/repository/io/grpc/grpc-core/1.49.2/grpc-core-1.49.2.jar:/Users/chaitu/.m2/repository/com/google/android/annotations/4.1.1.4/annotations-4.1.1.4.jar:/Users/chaitu/.m2/repository/org/codehaus/mojo/animal-sniffer-annotations/1.22/animal-sniffer-annotations-1.22.jar:/Users/chaitu/.m2/repository/io/perfmark/perfmark-api/0.25.0/perfmark-api-0.25.0.jar:/Users/chaitu/.m2/repository/commons-logging/commons-logging/1.2/commons-logging-1.2.jar:/Users/chaitu/.m2/repository/commons-codec/commons-codec/1.15/commons-codec-1.15.jar:/Users/chaitu/.m2/repository/com/google/api/grpc/proto-google-cloud-firestore-v1/3.6.0/proto-google-cloud-firestore-v1-3.6.0.jar:/Users/chaitu/.m2/repository/com/google/cloud/proto-google-cloud-firestore-bundle-v1/3.6.0/proto-google-cloud-firestore-bundle-v1-3.6.0.jar:/Users/chaitu/.m2/repository/io/opencensus/opencensus-contrib-grpc-util/0.31.1/opencensus-contrib-grpc-util-0.31.1.jar:/Users/chaitu/.m2/repository/io/grpc/grpc-protobuf/1.49.2/grpc-protobuf-1.49.2.jar:/Users/chaitu/.m2/repository/io/grpc/grpc-protobuf-lite/1.49.2/grpc-protobuf-lite-1.49.2.jar:/Users/chaitu/.m2/repository/io/grpc/grpc-api/1.49.2/grpc-api-1.49.2.jar:/Users/chaitu/.m2/repository/com/google/errorprone/error_prone_annotations/2.15.0/error_prone_annotations-2.15.0.jar:/Users/chaitu/.m2/repository/com/google/api/gax-grpc/2.19.2/gax-grpc-2.19.2.jar:/Users/chaitu/.m2/repository/io/grpc/grpc-alts/1.49.2/grpc-alts-1.49.2.jar:/Users/chaitu/.m2/repository/io/grpc/grpc-grpclb/1.49.2/grpc-grpclb-1.49.2.jar:/Users/chaitu/.m2/repository/org/conscrypt/conscrypt-openjdk-uber/2.5.2/conscrypt-openjdk-uber-2.5.2.jar:/Users/chaitu/.m2/repository/io/grpc/grpc-auth/1.49.2/grpc-auth-1.49.2.jar:/Users/chaitu/.m2/repository/io/grpc/grpc-netty-shaded/1.49.2/grpc-netty-shaded-1.49.2.jar:/Users/chaitu/.m2/repository/io/grpc/grpc-googleapis/1.49.2/grpc-googleapis-1.49.2.jar:/Users/chaitu/.m2/repository/io/grpc/grpc-xds/1.49.2/grpc-xds-1.49.2.jar:/Users/chaitu/.m2/repository/io/opencensus/opencensus-proto/0.2.0/opencensus-proto-0.2.0.jar:/Users/chaitu/.m2/repository/io/grpc/grpc-services/1.49.2/grpc-services-1.49.2.jar:/Users/chaitu/.m2/repository/com/google/re2j/re2j/1.6/re2j-1.6.jar:/Users/chaitu/.m2/repository/io/grpc/grpc-stub/1.49.2/grpc-stub-1.49.2.jar:/Users/chaitu/.m2/repository/com/google/guava/guava/31.1-jre/guava-31.1-jre.jar:/Users/chaitu/.m2/repository/org/slf4j/slf4j-api/2.0.6/slf4j-api-2.0.6.jar:/Users/chaitu/.m2/repository/io/netty/netty-codec-http/4.1.89.Final/netty-codec-http-4.1.89.Final.jar:/Users/chaitu/.m2/repository/io/netty/netty-common/4.1.89.Final/netty-common-4.1.89.Final.jar:/Users/chaitu/.m2/repository/io/netty/netty-buffer/4.1.89.Final/netty-buffer-4.1.89.Final.jar:/Users/chaitu/.m2/repository/io/netty/netty-codec/4.1.89.Final/netty-codec-4.1.89.Final.jar:/Users/chaitu/.m2/repository/io/netty/netty-handler/4.1.89.Final/netty-handler-4.1.89.Final.jar:/Users/chaitu/.m2/repository/io/netty/netty-resolver/4.1.89.Final/netty-resolver-4.1.89.Final.jar:/Users/chaitu/.m2/repository/io/netty/netty-transport-native-unix-common/4.1.89.Final/netty-transport-native-unix-common-4.1.89.Final.jar:/Users/chaitu/.m2/repository/io/netty/netty-transport/4.1.89.Final/netty-transport-4.1.89.Final.jar:"/>
    <property name="sun.cpu.endian" value="little"/>
    <property name="user.home" value="/Users/chaitu"/>
    <property name="user.language" value="en"/>
    <property name="java.specification.vendor" value="Oracle Corporation"/>
    <property name="java.version.date" value="2023-01-17"/>
    <property name="java.home" value="/Library/Java/JavaVirtualMachines/jdk-17.jdk/Contents/Home"/>
    <property name="file.separator" value="/"/>
    <property name="basedir" value="/Users/Shared/Projects/app-main"/>
    <property name="java.vm.compressedOopsMode" value="Zero based"/>
    <property name="line.separator" value="&#10;"/>
    <property name="java.specification.name" value="Java Platform API Specification"/>
    <property name="java.vm.specification.vendor" value="Oracle Corporation"/>
    <property name="surefire.real.class.path" value="/Users/Shared/Projects/app-main/target/surefire/surefirebooter4163153158538951444.jar"/>
    <property name="sun.management.compiler" value="HotSpot 64-Bit Tiered Compilers"/>
    <property name="ftp.nonProxyHosts" value="local|*.local|169.254/16|*.169.254/16"/>
    <property name="java.runtime.version" value="17.0.6+9-LTS-190"/>
    <property name="user.name" value="chaitu"/>
    <property name="path.separator" value=":"/>
    <property name="os.version" value="13.2.1"/>
    <property name="java.runtime.name" value="Java(TM) SE Runtime Environment"/>
    <property name="file.encoding" value="UTF-8"/>
    <property name="java.vm.name" value="Java HotSpot(TM) 64-Bit Server VM"/>
    <property name="localRepository" value="/Users/chaitu/.m2/repository"/>
    <property name="java.vendor.url.bug" value="https://bugreport.java.com/bugreport/"/>
    <property name="java.io.tmpdir" value="/var/folders/2w/l1rml3_n1f15kh6vm17jb86c0000gn/T/"/>
    <property name="idea.version" value="2022.3.3"/>
    <property name="java.version" value="17.0.6"/>
    <property name="user.dir" value="/Users/Shared/Projects/app-main"/>
    <property name="os.arch" value="x86_64"/>
    <property name="java.vm.specification.name" value="Java Virtual Machine Specification"/>
    <property name="native.encoding" value="UTF-8"/>
    <property name="java.library.path" value="/Users/chaitu/Library/Java/Extensions:/Library/Java/Extensions:/Network/Library/Java/Extensions:/System/Library/Java/Extensions:/usr/lib/java:."/>
    <property name="java.vm.info" value="mixed mode, sharing"/>
    <property name="java.vendor" value="Oracle Corporation"/>
    <property name="java.vm.version" value="17.0.6+9-LTS-190"/>
    <property name="sun.io.unicode.encoding" value="UnicodeBig"/>
    <property name="socksNonProxyHosts" value="local|*.local|169.254/16|*.169.254/16"/>
    <property name="java.class.version" value="61.0"/>
  </properties>
  <testcase name="contextLoads" classname="com.javawhizz.App.AppApplicationTests" time="0.512"/>
</testsuite>